android/app/build/intermediates/manifest_merge_blame_file/debug/manifest-merger-blame-debug-report.txt
1<?xml version="1.0" encoding="utf-8"?>
2<manifest xmlns:android="http://schemas.android.com/apk/res/android"
3    package="com.example.home_ease"
4    android:versionCode="1"
5    android:versionName="1.0.0" >
6
7    <uses-sdk
8        android:minSdkVersion="23"
9        android:targetSdkVersion="35" />
10    <!--
11         The INTERNET permission is required for development. Specifically,
12         the Flutter tool needs it to communicate with the running application
13         to allow setting breakpoints, to provide hot reload, etc.
14    -->
15    <uses-permission android:name="android.permission.INTERNET" />
15-->src\debug\AndroidManifest.xml:6:5-66
15-->src\debug\AndroidManifest.xml:6:22-64
16    <!--
17     Required to query activities that can process text, see:
18         https://developer.android.com/training/package-visibility and
19         https://developer.android.com/reference/android/content/Intent#ACTION_PROCESS_TEXT.
20
21         In particular, this is used by the Flutter engine in io.flutter.plugin.text.ProcessTextPlugin.
22    -->
23    <queries>
23-->src\main\AndroidManifest.xml:39:5-44:15
24        <intent>
24-->src\main\AndroidManifest.xml:40:9-43:18
25            <action android:name="android.intent.action.PROCESS_TEXT" />
25-->src\main\AndroidManifest.xml:41:13-72
25-->src\main\AndroidManifest.xml:41:21-70
26
27            <data android:mimeType="text/plain" />
27-->src\main\AndroidManifest.xml:42:13-50
27-->src\main\AndroidManifest.xml:42:19-48
28        </intent>
29    </queries>
30
31    <uses-permission android:name="android.permission.WAKE_LOCK" />
31-->[:firebase_messaging] AndroidManifest.xml:8:5-68
31-->[:firebase_messaging] AndroidManifest.xml:8:22-65
32    <uses-permission android:name="android.permission.ACCESS_NETWORK_STATE" /> <!-- Permissions options for the `notification` group -->
32-->[:firebase_messaging] AndroidManifest.xml:9:5-79
32-->[:firebase_messaging] AndroidManifest.xml:9:22-76
33    <uses-permission android:name="android.permission.POST_NOTIFICATIONS" />
33-->[:firebase_messaging] AndroidManifest.xml:11:5-77
33-->[:firebase_messaging] AndroidManifest.xml:11:22-74
34    <uses-permission android:name="android.permission.VIBRATE" /> <!-- Required by older versions of Google Play services to create IID tokens -->
34-->[:flutter_local_notifications] AndroidManifest.xml:7:5-66
34-->[:flutter_local_notifications] AndroidManifest.xml:7:22-63
35    <uses-permission android:name="com.google.android.c2dm.permission.RECEIVE" />
35-->[com.google.firebase:firebase-messaging:24.1.0] AndroidManifest.xml:26:5-82
35-->[com.google.firebase:firebase-messaging:24.1.0] AndroidManifest.xml:26:22-79
36    <uses-permission android:name="com.google.android.providers.gsf.permission.READ_GSERVICES" />
36-->[com.google.android.recaptcha:recaptcha:18.5.1] AndroidManifest.xml:9:5-98
36-->[com.google.android.recaptcha:recaptcha:18.5.1] AndroidManifest.xml:9:22-95
37
38    <permission
38-->[androidx.core:core:1.13.1] AndroidManifest.xml:22:5-24:47
39        android:name="com.example.home_ease.DYNAMIC_RECEIVER_NOT_EXPORTED_PERMISSION"
39-->[androidx.core:core:1.13.1] AndroidManifest.xml:23:9-81
40        android:protectionLevel="signature" />
40-->[androidx.core:core:1.13.1] AndroidManifest.xml:24:9-44
41
42    <uses-permission android:name="com.example.home_ease.DYNAMIC_RECEIVER_NOT_EXPORTED_PERMISSION" />
42-->[androidx.core:core:1.13.1] AndroidManifest.xml:26:5-97
42-->[androidx.core:core:1.13.1] AndroidManifest.xml:26:22-94
43
44    <application
45        android:name="android.app.Application"
46        android:appComponentFactory="androidx.core.app.CoreComponentFactory"
46-->[androidx.core:core:1.13.1] AndroidManifest.xml:28:18-86
47        android:debuggable="true"
48        android:extractNativeLibs="false"
49        android:icon="@mipmap/ic_launcher"
50        android:label="home_ease" >
51        <activity
52            android:name="com.example.home_ease.MainActivity"
53            android:configChanges="orientation|keyboardHidden|keyboard|screenSize|smallestScreenSize|locale|layoutDirection|fontScale|screenLayout|density|uiMode"
54            android:exported="true"
55            android:hardwareAccelerated="true"
56            android:launchMode="singleTop"
57            android:taskAffinity=""
58            android:theme="@style/LaunchTheme"
59            android:windowSoftInputMode="adjustResize" >
60
61            <!--
62                 Specifies an Android theme to apply to this Activity as soon as
63                 the Android process has started. This theme is visible to the user
64                 while the Flutter UI initializes. After that, this theme continues
65                 to determine the Window background behind the Flutter UI.
66            -->
67            <meta-data
68                android:name="io.flutter.embedding.android.NormalTheme"
69                android:resource="@style/NormalTheme" />
70
71            <intent-filter>
72                <action android:name="android.intent.action.MAIN" />
73
74                <category android:name="android.intent.category.LAUNCHER" />
75            </intent-filter>
76        </activity>
77        <!--
78             Don't delete the meta-data below.
79             This is used by the Flutter tool to generate GeneratedPluginRegistrant.java
80        -->
81        <meta-data
82            android:name="flutterEmbedding"
83            android:value="2" />
84
85        <service
85-->[:cloud_firestore] AndroidManifest.xml:8:9-12:19
86            android:name="com.google.firebase.components.ComponentDiscoveryService"
86-->[:cloud_firestore] AndroidManifest.xml:8:18-89
87            android:directBootAware="true"
87-->[com.google.firebase:firebase-common:21.0.0] AndroidManifest.xml:32:13-43
88            android:exported="false" >
88-->[com.google.firebase:firebase-auth:23.1.0] AndroidManifest.xml:68:13-37
89            <meta-data
89-->[:cloud_firestore] AndroidManifest.xml:9:13-11:85
90                android:name="com.google.firebase.components:io.flutter.plugins.firebase.firestore.FlutterFirebaseFirestoreRegistrar"
90-->[:cloud_firestore] AndroidManifest.xml:10:17-134
91                android:value="com.google.firebase.components.ComponentRegistrar" />
91-->[:cloud_firestore] AndroidManifest.xml:11:17-82
92            <meta-data
92-->[:firebase_auth] AndroidManifest.xml:9:13-11:85
93                android:name="com.google.firebase.components:io.flutter.plugins.firebase.auth.FlutterFirebaseAuthRegistrar"
93-->[:firebase_auth] AndroidManifest.xml:10:17-124
94                android:value="com.google.firebase.components.ComponentRegistrar" />
94-->[:firebase_auth] AndroidManifest.xml:11:17-82
95            <meta-data
95-->[:firebase_messaging] AndroidManifest.xml:36:13-38:85
96                android:name="com.google.firebase.components:io.flutter.plugins.firebase.messaging.FlutterFirebaseAppRegistrar"
96-->[:firebase_messaging] AndroidManifest.xml:37:17-128
97                android:value="com.google.firebase.components.ComponentRegistrar" />
97-->[:firebase_messaging] AndroidManifest.xml:38:17-82
98            <meta-data
98-->[:firebase_core] AndroidManifest.xml:9:13-11:85
99                android:name="com.google.firebase.components:io.flutter.plugins.firebase.core.FlutterFirebaseCoreRegistrar"
99-->[:firebase_core] AndroidManifest.xml:10:17-124
100                android:value="com.google.firebase.components.ComponentRegistrar" />
100-->[:firebase_core] AndroidManifest.xml:11:17-82
101            <meta-data
101-->[com.google.firebase:firebase-auth:23.1.0] AndroidManifest.xml:69:13-71:85
102                android:name="com.google.firebase.components:com.google.firebase.auth.FirebaseAuthRegistrar"
102-->[com.google.firebase:firebase-auth:23.1.0] AndroidManifest.xml:70:17-109
103                android:value="com.google.firebase.components.ComponentRegistrar" />
103-->[com.google.firebase:firebase-auth:23.1.0] AndroidManifest.xml:71:17-82
104            <meta-data
104-->[com.google.firebase:firebase-firestore:25.1.1] AndroidManifest.xml:17:13-19:85
105                android:name="com.google.firebase.components:com.google.firebase.firestore.FirebaseFirestoreKtxRegistrar"
105-->[com.google.firebase:firebase-firestore:25.1.1] AndroidManifest.xml:18:17-122
106                android:value="com.google.firebase.components.ComponentRegistrar" />
106-->[com.google.firebase:firebase-firestore:25.1.1] AndroidManifest.xml:19:17-82
107            <meta-data
107-->[com.google.firebase:firebase-firestore:25.1.1] AndroidManifest.xml:20:13-22:85
108                android:name="com.google.firebase.components:com.google.firebase.firestore.FirestoreRegistrar"
108-->[com.google.firebase:firebase-firestore:25.1.1] AndroidManifest.xml:21:17-111
109                android:value="com.google.firebase.components.ComponentRegistrar" />
109-->[com.google.firebase:firebase-firestore:25.1.1] AndroidManifest.xml:22:17-82
110            <meta-data
110-->[com.google.firebase:firebase-messaging:24.1.0] AndroidManifest.xml:57:13-59:85
111                android:name="com.google.firebase.components:com.google.firebase.messaging.FirebaseMessagingKtxRegistrar"
111-->[com.google.firebase:firebase-messaging:24.1.0] AndroidManifest.xml:58:17-122
112                android:value="com.google.firebase.components.ComponentRegistrar" />
112-->[com.google.firebase:firebase-messaging:24.1.0] AndroidManifest.xml:59:17-82
113            <meta-data
113-->[com.google.firebase:firebase-messaging:24.1.0] AndroidManifest.xml:60:13-62:85
114                android:name="com.google.firebase.components:com.google.firebase.messaging.FirebaseMessagingRegistrar"
114-->[com.google.firebase:firebase-messaging:24.1.0] AndroidManifest.xml:61:17-119
115                android:value="com.google.firebase.components.ComponentRegistrar" />
115-->[com.google.firebase:firebase-messaging:24.1.0] AndroidManifest.xml:62:17-82
116            <meta-data
116-->[com.google.firebase:firebase-installations:18.0.0] AndroidManifest.xml:15:13-17:85
117                android:name="com.google.firebase.components:com.google.firebase.installations.FirebaseInstallationsKtxRegistrar"
117-->[com.google.firebase:firebase-installations:18.0.0] AndroidManifest.xml:16:17-130
118                android:value="com.google.firebase.components.ComponentRegistrar" />
118-->[com.google.firebase:firebase-installations:18.0.0] AndroidManifest.xml:17:17-82
119            <meta-data
119-->[com.google.firebase:firebase-installations:18.0.0] AndroidManifest.xml:18:13-20:85
120                android:name="com.google.firebase.components:com.google.firebase.installations.FirebaseInstallationsRegistrar"
120-->[com.google.firebase:firebase-installations:18.0.0] AndroidManifest.xml:19:17-127
121                android:value="com.google.firebase.components.ComponentRegistrar" />
121-->[com.google.firebase:firebase-installations:18.0.0] AndroidManifest.xml:20:17-82
122            <meta-data
122-->[com.google.firebase:firebase-common-ktx:21.0.0] AndroidManifest.xml:12:13-14:85
123                android:name="com.google.firebase.components:com.google.firebase.ktx.FirebaseCommonLegacyRegistrar"
123-->[com.google.firebase:firebase-common-ktx:21.0.0] AndroidManifest.xml:13:17-116
124                android:value="com.google.firebase.components.ComponentRegistrar" />
124-->[com.google.firebase:firebase-common-ktx:21.0.0] AndroidManifest.xml:14:17-82
125            <meta-data
125-->[com.google.firebase:firebase-common:21.0.0] AndroidManifest.xml:35:13-37:85
126                android:name="com.google.firebase.components:com.google.firebase.FirebaseCommonKtxRegistrar"
126-->[com.google.firebase:firebase-common:21.0.0] AndroidManifest.xml:36:17-109
127                android:value="com.google.firebase.components.ComponentRegistrar" />
127-->[com.google.firebase:firebase-common:21.0.0] AndroidManifest.xml:37:17-82
128            <meta-data
128-->[com.google.firebase:firebase-datatransport:18.2.0] AndroidManifest.xml:25:13-27:85
129                android:name="com.google.firebase.components:com.google.firebase.datatransport.TransportRegistrar"
129-->[com.google.firebase:firebase-datatransport:18.2.0] AndroidManifest.xml:26:17-115
130                android:value="com.google.firebase.components.ComponentRegistrar" />
130-->[com.google.firebase:firebase-datatransport:18.2.0] AndroidManifest.xml:27:17-82
131        </service>
132        <service
132-->[:firebase_messaging] AndroidManifest.xml:14:9-17:72
133            android:name="io.flutter.plugins.firebase.messaging.FlutterFirebaseMessagingBackgroundService"
133-->[:firebase_messaging] AndroidManifest.xml:15:13-107
134            android:exported="false"
134-->[:firebase_messaging] AndroidManifest.xml:16:13-37
135            android:permission="android.permission.BIND_JOB_SERVICE" />
135-->[:firebase_messaging] AndroidManifest.xml:17:13-69
136        <service
136-->[:firebase_messaging] AndroidManifest.xml:18:9-24:19
137            android:name="io.flutter.plugins.firebase.messaging.FlutterFirebaseMessagingService"
137-->[:firebase_messaging] AndroidManifest.xml:19:13-97
138            android:exported="false" >
138-->[:firebase_messaging] AndroidManifest.xml:20:13-37
139            <intent-filter>
139-->[:firebase_messaging] AndroidManifest.xml:21:13-23:29
140                <action android:name="com.google.firebase.MESSAGING_EVENT" />
140-->[:firebase_messaging] AndroidManifest.xml:22:17-78
140-->[:firebase_messaging] AndroidManifest.xml:22:25-75
141            </intent-filter>
142        </service>
143
144        <receiver
144-->[:firebase_messaging] AndroidManifest.xml:26:9-33:20
145            android:name="io.flutter.plugins.firebase.messaging.FlutterFirebaseMessagingReceiver"
145-->[:firebase_messaging] AndroidManifest.xml:27:13-98
146            android:exported="true"
146-->[:firebase_messaging] AndroidManifest.xml:28:13-36
147            android:permission="com.google.android.c2dm.permission.SEND" >
147-->[:firebase_messaging] AndroidManifest.xml:29:13-73
148            <intent-filter>
148-->[:firebase_messaging] AndroidManifest.xml:30:13-32:29
149                <action android:name="com.google.android.c2dm.intent.RECEIVE" />
149-->[:firebase_messaging] AndroidManifest.xml:31:17-81
149-->[:firebase_messaging] AndroidManifest.xml:31:25-78
150            </intent-filter>
151        </receiver>
152
153        <provider
153-->[:firebase_messaging] AndroidManifest.xml:41:9-45:38
154            android:name="io.flutter.plugins.firebase.messaging.FlutterFirebaseMessagingInitProvider"
154-->[:firebase_messaging] AndroidManifest.xml:42:13-102
155            android:authorities="com.example.home_ease.flutterfirebasemessaginginitprovider"
155-->[:firebase_messaging] AndroidManifest.xml:43:13-88
156            android:exported="false"
156-->[:firebase_messaging] AndroidManifest.xml:44:13-37
157            android:initOrder="99" />
157-->[:firebase_messaging] AndroidManifest.xml:45:13-35
158
159        <activity
159-->[:url_launcher_android] AndroidManifest.xml:8:9-11:74
160            android:name="io.flutter.plugins.urllauncher.WebViewActivity"
160-->[:url_launcher_android] AndroidManifest.xml:9:13-74
161            android:exported="false"
161-->[:url_launcher_android] AndroidManifest.xml:10:13-37
162            android:theme="@android:style/Theme.NoTitleBar.Fullscreen" />
162-->[:url_launcher_android] AndroidManifest.xml:11:13-71
163        <activity
163-->[com.google.firebase:firebase-auth:23.1.0] AndroidManifest.xml:29:9-46:20
164            android:name="com.google.firebase.auth.internal.GenericIdpActivity"
164-->[com.google.firebase:firebase-auth:23.1.0] AndroidManifest.xml:30:13-80
165            android:excludeFromRecents="true"
165-->[com.google.firebase:firebase-auth:23.1.0] AndroidManifest.xml:31:13-46
166            android:exported="true"
166-->[com.google.firebase:firebase-auth:23.1.0] AndroidManifest.xml:32:13-36
167            android:launchMode="singleTask"
167-->[com.google.firebase:firebase-auth:23.1.0] AndroidManifest.xml:33:13-44
168            android:theme="@android:style/Theme.Translucent.NoTitleBar" >
168-->[com.google.firebase:firebase-auth:23.1.0] AndroidManifest.xml:34:13-72
169            <intent-filter>
169-->[com.google.firebase:firebase-auth:23.1.0] AndroidManifest.xml:35:13-45:29
170                <action android:name="android.intent.action.VIEW" />
170-->[com.google.firebase:firebase-auth:23.1.0] AndroidManifest.xml:36:17-69
170-->[com.google.firebase:firebase-auth:23.1.0] AndroidManifest.xml:36:25-66
171
172                <category android:name="android.intent.category.DEFAULT" />
172-->[com.google.firebase:firebase-auth:23.1.0] AndroidManifest.xml:38:17-76
172-->[com.google.firebase:firebase-auth:23.1.0] AndroidManifest.xml:38:27-73
173                <category android:name="android.intent.category.BROWSABLE" />
173-->[com.google.firebase:firebase-auth:23.1.0] AndroidManifest.xml:39:17-78
173-->[com.google.firebase:firebase-auth:23.1.0] AndroidManifest.xml:39:27-75
174
175                <data
175-->src\main\AndroidManifest.xml:42:13-50
176                    android:host="firebase.auth"
177                    android:path="/"
178                    android:scheme="genericidp" />
179            </intent-filter>
180        </activity>
181        <activity
181-->[com.google.firebase:firebase-auth:23.1.0] AndroidManifest.xml:47:9-64:20
182            android:name="com.google.firebase.auth.internal.RecaptchaActivity"
182-->[com.google.firebase:firebase-auth:23.1.0] AndroidManifest.xml:48:13-79
183            android:excludeFromRecents="true"
183-->[com.google.firebase:firebase-auth:23.1.0] AndroidManifest.xml:49:13-46
184            android:exported="true"
184-->[com.google.firebase:firebase-auth:23.1.0] AndroidManifest.xml:50:13-36
185            android:launchMode="singleTask"
185-->[com.google.firebase:firebase-auth:23.1.0] AndroidManifest.xml:51:13-44
186            android:theme="@android:style/Theme.Translucent.NoTitleBar" >
186-->[com.google.firebase:firebase-auth:23.1.0] AndroidManifest.xml:52:13-72
187            <intent-filter>
187-->[com.google.firebase:firebase-auth:23.1.0] AndroidManifest.xml:53:13-63:29
188                <action android:name="android.intent.action.VIEW" />
188-->[com.google.firebase:firebase-auth:23.1.0] AndroidManifest.xml:36:17-69
188-->[com.google.firebase:firebase-auth:23.1.0] AndroidManifest.xml:36:25-66
189
190                <category android:name="android.intent.category.DEFAULT" />
190-->[com.google.firebase:firebase-auth:23.1.0] AndroidManifest.xml:38:17-76
190-->[com.google.firebase:firebase-auth:23.1.0] AndroidManifest.xml:38:27-73
191                <category android:name="android.intent.category.BROWSABLE" />
191-->[com.google.firebase:firebase-auth:23.1.0] AndroidManifest.xml:39:17-78
191-->[com.google.firebase:firebase-auth:23.1.0] AndroidManifest.xml:39:27-75
192
193                <data
193-->src\main\AndroidManifest.xml:42:13-50
194                    android:host="firebase.auth"
195                    android:path="/"
196                    android:scheme="recaptcha" />
197            </intent-filter>
198        </activity>
199
200        <receiver
200-->[com.google.firebase:firebase-messaging:24.1.0] AndroidManifest.xml:29:9-40:20
201            android:name="com.google.firebase.iid.FirebaseInstanceIdReceiver"
201-->[com.google.firebase:firebase-messaging:24.1.0] AndroidManifest.xml:30:13-78
202            android:exported="true"
202-->[com.google.firebase:firebase-messaging:24.1.0] AndroidManifest.xml:31:13-36
203            android:permission="com.google.android.c2dm.permission.SEND" >
203-->[com.google.firebase:firebase-messaging:24.1.0] AndroidManifest.xml:32:13-73
204            <intent-filter>
204-->[:firebase_messaging] AndroidManifest.xml:30:13-32:29
205                <action android:name="com.google.android.c2dm.intent.RECEIVE" />
205-->[:firebase_messaging] AndroidManifest.xml:31:17-81
205-->[:firebase_messaging] AndroidManifest.xml:31:25-78
206            </intent-filter>
207
208            <meta-data
208-->[com.google.firebase:firebase-messaging:24.1.0] AndroidManifest.xml:37:13-39:40
209                android:name="com.google.android.gms.cloudmessaging.FINISHED_AFTER_HANDLED"
209-->[com.google.firebase:firebase-messaging:24.1.0] AndroidManifest.xml:38:17-92
210                android:value="true" />
210-->[com.google.firebase:firebase-messaging:24.1.0] AndroidManifest.xml:39:17-37
211        </receiver>
212        <!--
213             FirebaseMessagingService performs security checks at runtime,
214             but set to not exported to explicitly avoid allowing another app to call it.
215        -->
216        <service
216-->[com.google.firebase:firebase-messaging:24.1.0] AndroidManifest.xml:46:9-53:19
217            android:name="com.google.firebase.messaging.FirebaseMessagingService"
217-->[com.google.firebase:firebase-messaging:24.1.0] AndroidManifest.xml:47:13-82
218            android:directBootAware="true"
218-->[com.google.firebase:firebase-messaging:24.1.0] AndroidManifest.xml:48:13-43
219            android:exported="false" >
219-->[com.google.firebase:firebase-messaging:24.1.0] AndroidManifest.xml:49:13-37
220            <intent-filter android:priority="-500" >
220-->[:firebase_messaging] AndroidManifest.xml:21:13-23:29
221                <action android:name="com.google.firebase.MESSAGING_EVENT" />
221-->[:firebase_messaging] AndroidManifest.xml:22:17-78
221-->[:firebase_messaging] AndroidManifest.xml:22:25-75
222            </intent-filter>
223        </service>
224
225        <uses-library
225-->[androidx.window:window:1.2.0] AndroidManifest.xml:23:9-25:40
226            android:name="androidx.window.extensions"
226-->[androidx.window:window:1.2.0] AndroidManifest.xml:24:13-54
227            android:required="false" />
227-->[androidx.window:window:1.2.0] AndroidManifest.xml:25:13-37
228        <uses-library
228-->[androidx.window:window:1.2.0] AndroidManifest.xml:26:9-28:40
229            android:name="androidx.window.sidecar"
229-->[androidx.window:window:1.2.0] AndroidManifest.xml:27:13-51
230            android:required="false" />
230-->[androidx.window:window:1.2.0] AndroidManifest.xml:28:13-37
231
232        <provider
232-->[com.google.firebase:firebase-common:21.0.0] AndroidManifest.xml:23:9-28:39
233            android:name="com.google.firebase.provider.FirebaseInitProvider"
233-->[com.google.firebase:firebase-common:21.0.0] AndroidManifest.xml:24:13-77
234            android:authorities="com.example.home_ease.firebaseinitprovider"
234-->[com.google.firebase:firebase-common:21.0.0] AndroidManifest.xml:25:13-72
235            android:directBootAware="true"
235-->[com.google.firebase:firebase-common:21.0.0] AndroidManifest.xml:26:13-43
236            android:exported="false"
236-->[com.google.firebase:firebase-common:21.0.0] AndroidManifest.xml:27:13-37
237            android:initOrder="100" />
237-->[com.google.firebase:firebase-common:21.0.0] AndroidManifest.xml:28:13-36
238
239        <service
239-->[androidx.credentials:credentials-play-services-auth:1.2.0-rc01] AndroidManifest.xml:24:9-32:19
240            android:name="androidx.credentials.playservices.CredentialProviderMetadataHolder"
240-->[androidx.credentials:credentials-play-services-auth:1.2.0-rc01] AndroidManifest.xml:25:13-94
241            android:enabled="true"
241-->[androidx.credentials:credentials-play-services-auth:1.2.0-rc01] AndroidManifest.xml:26:13-35
242            android:exported="false" >
242-->[androidx.credentials:credentials-play-services-auth:1.2.0-rc01] AndroidManifest.xml:27:13-37
243            <meta-data
243-->[androidx.credentials:credentials-play-services-auth:1.2.0-rc01] AndroidManifest.xml:29:13-31:104
244                android:name="androidx.credentials.CREDENTIAL_PROVIDER_KEY"
244-->[androidx.credentials:credentials-play-services-auth:1.2.0-rc01] AndroidManifest.xml:30:17-76
245                android:value="androidx.credentials.playservices.CredentialProviderPlayServicesImpl" />
245-->[androidx.credentials:credentials-play-services-auth:1.2.0-rc01] AndroidManifest.xml:31:17-101
246        </service>
247
248        <activity
248-->[androidx.credentials:credentials-play-services-auth:1.2.0-rc01] AndroidManifest.xml:34:9-41:20
249            android:name="androidx.credentials.playservices.HiddenActivity"
249-->[androidx.credentials:credentials-play-services-auth:1.2.0-rc01] AndroidManifest.xml:35:13-76
250            android:configChanges="orientation|screenSize|screenLayout|keyboardHidden"
250-->[androidx.credentials:credentials-play-services-auth:1.2.0-rc01] AndroidManifest.xml:36:13-87
251            android:enabled="true"
251-->[androidx.credentials:credentials-play-services-auth:1.2.0-rc01] AndroidManifest.xml:37:13-35
252            android:exported="false"
252-->[androidx.credentials:credentials-play-services-auth:1.2.0-rc01] AndroidManifest.xml:38:13-37
253            android:fitsSystemWindows="true"
253-->[androidx.credentials:credentials-play-services-auth:1.2.0-rc01] AndroidManifest.xml:39:13-45
254            android:theme="@style/Theme.Hidden" >
254-->[androidx.credentials:credentials-play-services-auth:1.2.0-rc01] AndroidManifest.xml:40:13-48
255        </activity>
256        <activity
256-->[com.google.android.gms:play-services-auth:20.7.0] AndroidManifest.xml:23:9-27:75
257            android:name="com.google.android.gms.auth.api.signin.internal.SignInHubActivity"
257-->[com.google.android.gms:play-services-auth:20.7.0] AndroidManifest.xml:24:13-93
258            android:excludeFromRecents="true"
258-->[com.google.android.gms:play-services-auth:20.7.0] AndroidManifest.xml:25:13-46
259            android:exported="false"
259-->[com.google.android.gms:play-services-auth:20.7.0] AndroidManifest.xml:26:13-37
260            android:theme="@android:style/Theme.Translucent.NoTitleBar" />
260-->[com.google.android.gms:play-services-auth:20.7.0] AndroidManifest.xml:27:13-72
261        <!--
262            Service handling Google Sign-In user revocation. For apps that do not integrate with
263            Google Sign-In, this service will never be started.
264        -->
265        <service
265-->[com.google.android.gms:play-services-auth:20.7.0] AndroidManifest.xml:33:9-37:51
266            android:name="com.google.android.gms.auth.api.signin.RevocationBoundService"
266-->[com.google.android.gms:play-services-auth:20.7.0] AndroidManifest.xml:34:13-89
267            android:exported="true"
267-->[com.google.android.gms:play-services-auth:20.7.0] AndroidManifest.xml:35:13-36
268            android:permission="com.google.android.gms.auth.api.signin.permission.REVOCATION_NOTIFICATION"
268-->[com.google.android.gms:play-services-auth:20.7.0] AndroidManifest.xml:36:13-107
269            android:visibleToInstantApps="true" />
269-->[com.google.android.gms:play-services-auth:20.7.0] AndroidManifest.xml:37:13-48
270
271        <activity
271-->[com.google.android.gms:play-services-base:18.0.1] AndroidManifest.xml:20:9-22:45
272            android:name="com.google.android.gms.common.api.GoogleApiActivity"
272-->[com.google.android.gms:play-services-base:18.0.1] AndroidManifest.xml:20:19-85
273            android:exported="false"
273-->[com.google.android.gms:play-services-base:18.0.1] AndroidManifest.xml:22:19-43
274            android:theme="@android:style/Theme.Translucent.NoTitleBar" />
274-->[com.google.android.gms:play-services-base:18.0.1] AndroidManifest.xml:21:19-78
275
276        <provider
276-->[androidx.lifecycle:lifecycle-process:2.7.0] AndroidManifest.xml:24:9-32:20
277            android:name="androidx.startup.InitializationProvider"
277-->[androidx.lifecycle:lifecycle-process:2.7.0] AndroidManifest.xml:25:13-67
278            android:authorities="com.example.home_ease.androidx-startup"
278-->[androidx.lifecycle:lifecycle-process:2.7.0] AndroidManifest.xml:26:13-68
279            android:exported="false" >
279-->[androidx.lifecycle:lifecycle-process:2.7.0] AndroidManifest.xml:27:13-37
280            <meta-data
280-->[androidx.lifecycle:lifecycle-process:2.7.0] AndroidManifest.xml:29:13-31:52
281                android:name="androidx.lifecycle.ProcessLifecycleInitializer"
281-->[androidx.lifecycle:lifecycle-process:2.7.0] AndroidManifest.xml:30:17-78
282                android:value="androidx.startup" />
282-->[androidx.lifecycle:lifecycle-process:2.7.0] AndroidManifest.xml:31:17-49
283            <meta-data
283-->[androidx.profileinstaller:profileinstaller:1.3.1] AndroidManifest.xml:29:13-31:52
284                android:name="androidx.profileinstaller.ProfileInstallerInitializer"
284-->[androidx.profileinstaller:profileinstaller:1.3.1] AndroidManifest.xml:30:17-85
285                android:value="androidx.startup" />
285-->[androidx.profileinstaller:profileinstaller:1.3.1] AndroidManifest.xml:31:17-49
286        </provider>
287
288        <meta-data
288-->[com.google.android.gms:play-services-basement:18.4.0] AndroidManifest.xml:6:9-122
289            android:name="com.google.android.gms.version"
289-->[com.google.android.gms:play-services-basement:18.4.0] AndroidManifest.xml:6:20-65
290            android:value="@integer/google_play_services_version" />
290-->[com.google.android.gms:play-services-basement:18.4.0] AndroidManifest.xml:6:66-119
291
292        <receiver
292-->[androidx.profileinstaller:profileinstaller:1.3.1] AndroidManifest.xml:34:9-52:20
293            android:name="androidx.profileinstaller.ProfileInstallReceiver"
293-->[androidx.profileinstaller:profileinstaller:1.3.1] AndroidManifest.xml:35:13-76
294            android:directBootAware="false"
294-->[androidx.profileinstaller:profileinstaller:1.3.1] AndroidManifest.xml:36:13-44
295            android:enabled="true"
295-->[androidx.profileinstaller:profileinstaller:1.3.1] AndroidManifest.xml:37:13-35
296            android:exported="true"